<?xml version="1.0" encoding="UTF-8"?>
<!-- Generated by org.testng.reporters.JUnitReportReporter -->
<testsuite hostname="SASA_mnon" failures="0" tests="1" name="tests.KeywordDriven" time="16.913" errors="0" timestamp="2022-04-06T06:13:00 PDT" skipped="0">
  <testcase classname="tests.KeywordDriven" name="login" time="16.913"/>
  <system-out/>
</testsuite> <!-- tests.KeywordDriven -->
